<?xml version="1.0" encoding="UTF-8"?>
<!-- Generated by org.testng.reporters.JUnitReportReporter -->
<testsuite hostname="DESKTOP-U68A7E0" failures="0" tests="1" name="com.SalesForcePOM.test.UserMenuDropDownTest" time="164.447" errors="0" timestamp="2025-08-09T15:21:26 PDT" skipped="0">
  <testcase classname="com.SalesForcePOM.test.UserMenuDropDownTest" name="TC07" time="164.447"/>
  <system-out/>
</testsuite> <!-- com.SalesForcePOM.test.UserMenuDropDownTest -->
