<?xml version="1.0" encoding="UTF-8"?>
<!-- Generated by org.testng.reporters.JUnitReportReporter -->
<testsuite skipped="0" hostname="DESKTOP-U68A7E0" name="com.CucumberSFWithPOMUpgrade.Runner.CucumLoginRunner" tests="1" failures="0" timestamp="2025-09-01T08:42:40 PDT" time="12.695" errors="0">
  <testcase name="runScenario" time="12.695" classname="com.CucumberSFWithPOMUpgrade.Runner.CucumLoginRunner"/>
  <system-out/>
</testsuite> <!-- com.CucumberSFWithPOMUpgrade.Runner.CucumLoginRunner -->
