<?xml version="1.0" encoding="UTF-8"?>
<!-- Generated by org.testng.reporters.JUnitReportReporter -->
<testsuite hostname="DESKTOP-U68A7E0" failures="0" tests="4" name="com.TestNG_Demo.Day_2.TestNG_DataProvider" time="0.007" errors="0" timestamp="2025-08-05T14:24:12 PDT" skipped="0">
  <testcase classname="com.TestNG_Demo.Day_2.TestNG_DataProvider" name="user_details" time="0.001"/>
  <system-out/>
  <testcase classname="com.TestNG_Demo.Day_2.TestNG_DataProvider" name="user_details" time="0.000"/>
  <system-out/>
  <testcase classname="com.TestNG_Demo.Day_2.TestNG_DataProvider" name="user_details" time="0.001"/>
  <system-out/>
  <testcase classname="com.TestNG_Demo.Day_2.TestNG_DataProvider" name="user_details" time="0.005"/>
  <system-out/>
</testsuite> <!-- com.TestNG_Demo.Day_2.TestNG_DataProvider -->
