<?xml version="1.0" encoding="UTF-8"?>
<!-- Generated by org.testng.reporters.JUnitReportReporter -->
<testsuite hostname="DESKTOP-U68A7E0" failures="0" tests="3" name="com.TestNG_Demo.Day_2.TestNGGroupsDemo" time="0.007" errors="0" timestamp="2025-08-01T15:57:55 PDT" skipped="0">
  <testcase classname="com.TestNG_Demo.Day_2.TestNGGroupsDemo" name="testscript_1" time="0.005"/>
  <system-out/>
  <testcase classname="com.TestNG_Demo.Day_2.TestNGGroupsDemo" name="testscript_3" time="0.001"/>
  <system-out/>
  <testcase classname="com.TestNG_Demo.Day_2.TestNGGroupsDemo" name="testscript_4" time="0.001"/>
  <system-out/>
</testsuite> <!-- com.TestNG_Demo.Day_2.TestNGGroupsDemo -->
