<?xml version="1.0" encoding="UTF-8"?>
<!-- Generated by org.testng.reporters.JUnitReportReporter -->
<testsuite hostname="DESKTOP-U68A7E0" failures="0" tests="3" name="com.TestNG_Demo.Day_2.TestNG_DataProvider_UsingExcel" time="0.006" errors="0" timestamp="2025-08-05T15:03:15 PDT" skipped="0">
  <testcase classname="com.TestNG_Demo.Day_2.TestNG_DataProvider_UsingExcel" name="login_details" time="0.004"/>
  <system-out/>
  <testcase classname="com.TestNG_Demo.Day_2.TestNG_DataProvider_UsingExcel" name="login_details" time="0.001"/>
  <system-out/>
  <testcase classname="com.TestNG_Demo.Day_2.TestNG_DataProvider_UsingExcel" name="login_details" time="0.001"/>
  <system-out/>
</testsuite> <!-- com.TestNG_Demo.Day_2.TestNG_DataProvider_UsingExcel -->
