<?xml version="1.0" encoding="UTF-8"?>
<!-- Generated by org.testng.reporters.JUnitReportReporter -->
<testsuite hostname="DESKTOP-U68A7E0" failures="0" tests="3" name="com.TestNG_Demo.Day_1.TestNG1" time="0.010" errors="0" timestamp="2025-08-01T08:04:09 PDT" skipped="0">
  <testcase classname="com.TestNG_Demo.Day_1.TestNG1" name="login_TC" time="0.005"/>
  <system-out/>
  <testcase classname="com.TestNG_Demo.Day_1.TestNG1" name="changePassword_TC" time="0.004"/>
  <system-out/>
  <testcase classname="com.TestNG_Demo.Day_1.TestNG1" name="logout_TC" time="0.001"/>
  <system-out/>
</testsuite> <!-- com.TestNG_Demo.Day_1.TestNG1 -->
