<?xml version="1.0" encoding="UTF-8"?>
<!-- Generated by org.testng.reporters.JUnitReportReporter -->
<testsuite hostname="DESKTOP-U68A7E0" failures="0" tests="3" name="com.TestNG_Demo.Day_1.TestNG3Test" time="0.010" errors="0" timestamp="2025-08-01T08:03:44 PDT" skipped="1">
  <testcase classname="com.TestNG_Demo.Day_1.TestNG3Test" name="login_TC" time="0.009"/>
  <system-out/>
  <testcase classname="com.TestNG_Demo.Day_1.TestNG3Test" name="Logout_TC" time="0.001"/>
  <system-out/>
  <testcase classname="com.TestNG_Demo.Day_1.TestNG3Test" name="changePasswpord_TC">
    <skipped/>
  </testcase> <!-- changePasswpord_TC -->
  <system-out/>
</testsuite> <!-- com.TestNG_Demo.Day_1.TestNG3Test -->
