<?xml version="1.0" encoding="UTF-8"?>
<!-- Generated by org.testng.reporters.JUnitReportReporter -->
<testsuite hostname="DESKTOP-U68A7E0" failures="0" tests="1" name="com.TestNG_Demo.Day_1.testNG5Test" time="0.007" errors="0" timestamp="2025-08-05T00:51:47 PDT" skipped="0">
  <testcase classname="com.TestNG_Demo.Day_1.testNG5Test" name="login_TC" time="0.007"/>
  <system-out/>
</testsuite> <!-- com.TestNG_Demo.Day_1.testNG5Test -->
